c:\gameprograming\gameserver\cpp_server\server\gameserver\x64\debug\gameserver.pch
c:\gameprograming\gameserver\cpp_server\server\gameserver\x64\debug\vc143.pdb
c:\gameprograming\gameserver\cpp_server\server\gameserver\x64\debug\vc143.idb
c:\gameprograming\gameserver\cpp_server\server\gameserver\x64\debug\pch.obj
c:\gameprograming\gameserver\cpp_server\server\gameserver\x64\debug\struct.pb.obj
c:\gameprograming\gameserver\cpp_server\server\gameserver\x64\debug\protocol.pb.obj
c:\gameprograming\gameserver\cpp_server\server\gameserver\x64\debug\enum.pb.obj
c:\gameprograming\gameserver\cpp_server\server\gameserver\x64\debug\utils.obj
c:\gameprograming\gameserver\cpp_server\server\gameserver\x64\debug\serverpackethandler.obj
c:\gameprograming\gameserver\cpp_server\server\gameserver\x64\debug\room.obj
c:\gameprograming\gameserver\cpp_server\server\gameserver\x64\debug\player.obj
c:\gameprograming\gameserver\cpp_server\server\gameserver\x64\debug\objectutils.obj
c:\gameprograming\gameserver\cpp_server\server\gameserver\x64\debug\gamesessionmanager.obj
c:\gameprograming\gameserver\cpp_server\server\gameserver\x64\debug\gamesession.obj
c:\gameprograming\gameserver\cpp_server\server\gameserver\x64\debug\gameserver.obj
c:\gameprograming\gameserver\cpp_server\server\binaries\debug\gameserver.exe
c:\gameprograming\gameserver\cpp_server\server\binaries\debug\gameserver.pdb
c:\gameprograming\gameserver\cpp_server\server\gameserver\x64\debug\gameserver.ilk
c:\gameprograming\gameserver\cpp_server\server\gameserver\x64\debug\gameserver.tlog\cl.command.1.tlog
c:\gameprograming\gameserver\cpp_server\server\gameserver\x64\debug\gameserver.tlog\cl.items.tlog
c:\gameprograming\gameserver\cpp_server\server\gameserver\x64\debug\gameserver.tlog\cl.read.1.tlog
c:\gameprograming\gameserver\cpp_server\server\gameserver\x64\debug\gameserver.tlog\cl.write.1.tlog
c:\gameprograming\gameserver\cpp_server\server\gameserver\x64\debug\gameserver.tlog\link.command.1.tlog
c:\gameprograming\gameserver\cpp_server\server\gameserver\x64\debug\gameserver.tlog\link.read.1.tlog
c:\gameprograming\gameserver\cpp_server\server\gameserver\x64\debug\gameserver.tlog\link.secondary.1.tlog
c:\gameprograming\gameserver\cpp_server\server\gameserver\x64\debug\gameserver.tlog\link.write.1.tlog
